<?xml version="1.0" encoding="UTF-8"?>
<!-- Generated by org.testng.reporters.JUnitReportReporter -->
<testsuite skipped="0" hostname="mahesh-PC" name="Keyboardevnt.Keyboardevnt" tests="1" failures="0" timestamp="03 Aug 2020 13:38:31 GMT" time="19.424" errors="0">
  <testcase name="keyevent" time="19.424" classname="Keyboardevnt.Keyboardevnt"/>
</testsuite> <!-- Keyboardevnt.Keyboardevnt -->
