<?xml version="1.0" encoding="UTF-8"?>
<!-- Generated by org.testng.reporters.JUnitReportReporter -->
<testsuite skipped="0" hostname="mahesh-PC" name="TestNaukri.Gmail1" tests="1" failures="0" timestamp="31 Jul 2020 20:24:50 GMT" time="29.866" errors="0">
  <testcase name="TestPopUp" time="29.866" classname="TestNaukri.Gmail1"/>
</testsuite> <!-- TestNaukri.Gmail1 -->
