<?xml version="1.0" encoding="UTF-8"?>
<!-- Generated by org.testng.reporters.JUnitReportReporter -->
<testsuite skipped="0" hostname="mahesh-PC" name="TestNaukri.TestNaukri2" tests="1" failures="0" timestamp="05 Aug 2020 20:37:45 GMT" time="40.918" errors="0">
  <testcase name="TestPopUp" time="40.918" classname="TestNaukri.TestNaukri2"/>
</testsuite> <!-- TestNaukri.TestNaukri2 -->
