<?xml version="1.0" encoding="UTF-8"?>
<!-- Generated by org.testng.reporters.JUnitReportReporter -->
<testsuite skipped="0" hostname="mahesh-PC" name="Tngpract.Tngpract2" tests="3" failures="0" timestamp="17 Jul 2020 14:55:54 GMT" time="0.035" errors="0">
  <testcase name="loginPageTitleTest" time="0.011" classname="Tngpract.Tngpract2"/>
  <testcase name="crmLogoImageTest" time="0.021" classname="Tngpract.Tngpract2"/>
  <testcase name="loginTest" time="0.003" classname="Tngpract.Tngpract2"/>
</testsuite> <!-- Tngpract.Tngpract2 -->
