<?xml version="1.0" encoding="UTF-8"?>
<!-- Generated by org.testng.reporters.JUnitReportReporter -->
<testsuite skipped="0" hostname="mahesh-PC" name="Dyamicwebtable.DyWebtable" tests="1" failures="0" timestamp="04 Aug 2020 14:56:44 GMT" time="11.351" errors="0">
  <testcase name="TestPopUp" time="11.351" classname="Dyamicwebtable.DyWebtable"/>
</testsuite> <!-- Dyamicwebtable.DyWebtable -->
