<?xml version="1.0" encoding="UTF-8"?>
<!-- Generated by org.testng.reporters.JUnitReportReporter -->
<testsuite skipped="0" hostname="mahesh-PC" name="Tngpract.Tnganotation1" tests="3" failures="0" timestamp="17 Jul 2020 12:57:22 GMT" time="0.046" errors="0">
  <testcase name="mOne" time="0.025" classname="Tngpract.Tnganotation1"/>
  <testcase name="mTwo" time="0.018" classname="Tngpract.Tnganotation1"/>
  <testcase name="mThree" time="0.003" classname="Tngpract.Tnganotation1"/>
</testsuite> <!-- Tngpract.Tnganotation1 -->
