<?xml version="1.0" encoding="UTF-8"?>
<!-- Generated by org.testng.reporters.JUnitReportReporter -->
<testsuite skipped="0" hostname="mahesh-PC" name="TestNaukri.TestNaukri" tests="1" failures="0" timestamp="07 Aug 2020 05:03:58 GMT" time="28.767" errors="0">
  <testcase name="TestPopUp" time="28.767" classname="TestNaukri.TestNaukri"/>
</testsuite> <!-- TestNaukri.TestNaukri -->
