<?xml version="1.0" encoding="UTF-8"?>
<!-- Generated by org.testng.reporters.JUnitReportReporter -->
<testsuite skipped="0" hostname="mahesh-PC" name="Frame1.Hnadlingframe" tests="1" failures="0" timestamp="04 Aug 2020 09:24:39 GMT" time="23.499" errors="0">
  <testcase name="TestPopUp" time="23.499" classname="Frame1.Hnadlingframe"/>
</testsuite> <!-- Frame1.Hnadlingframe -->
