<?xml version="1.0" encoding="UTF-8"?>
<!-- Generated by org.testng.reporters.JUnitReportReporter -->
<testsuite skipped="0" hostname="mahesh-PC" name="ConnectionisnotPrivate.ConnectionPrivate" tests="1" failures="0" timestamp="05 Aug 2020 20:29:27 GMT" time="26.011" errors="0">
  <testcase name="TestPopUp" time="26.011" classname="ConnectionisnotPrivate.ConnectionPrivate"/>
</testsuite> <!-- ConnectionisnotPrivate.ConnectionPrivate -->
